0 silly input [ 'publish' ]
1 silly flags { _: [ 'publish' ], 'reject-cycles': false, rejectCycles: false }
2 verbose rootPath /Users/maulikpatel/lerna
3 info version 2.11.0
4 silly isInitialized
5 silly isInitialized true
6 silly existsSync /Users/maulikpatel/lerna/VERSION
7 info versioning independent
8 silly initialize attempt
9 silly isDetachedHead
10 silly getCurrentBranch
11 verbose getCurrentBranch master
12 verbose isDetachedHead false
13 silly getCurrentBranch
14 verbose getCurrentBranch master
15 silly getUpdates
16 info Checking for updated packages...
17 silly hasTags
18 verbose hasTags true
19 silly getLastTag
20 verbose getLastTag sac1729@1.0.5
21 info Comparing with sac1729@1.0.5.
22 silly diffSinceIn sac1729@1.0.5 packages/sac
23 silly diff packages/sac/adsa.js
24 silly diffSinceIn sac1729@1.0.5 packages/spc
25 silly diff
26 verbose updated sac1729
27 info Checking for prereleased packages...
28 silly collectDependents
29 silly isPackageDependentOf sac1729 sac1729
30 silly isPackageDependentOf spc1729 sac1729
31 silly collectUpdates
32 verbose has filtered update sac1729
33 silly initialize success
34 silly execute attempt
35 silly runScriptSync preversion undefined
36 silly runScriptSync preversion sac1729
37 silly runScriptSync version sac1729
38 silly runScriptSync version undefined
39 silly addFile /Users/maulikpatel/lerna/packages/sac/package.json
40 silly commit Publish
40 silly commit
40 silly commit  - sac1729@1.0.5
41 verbose commit [ 'commit',
41 verbose commit   '--no-verify',
41 verbose commit   '-F',
41 verbose commit   '/private/var/folders/xh/cl2zcthx52n948s9dy745zfw0000gp/T/710fe07f-c7c0-4437-9e30-ba420d7c09c0/lerna-commit.txt' ]
42 error execute caught error
43 error Error: On branch master
43 error nothing to commit, working tree clean
43 error
43 error     at Function.module.exports.sync (/usr/local/lib/node_modules/lerna/node_modules/execa/index.js:303:26)
43 error     at Function.execSync (/usr/local/lib/node_modules/lerna/lib/ChildProcessUtilities.js:59:30)
43 error     at Function.commit (/usr/local/lib/node_modules/lerna/lib/GitUtilities.js:94:39)
43 error     at PublishCommand.gitCommitAndTagVersionForUpdates (/usr/local/lib/node_modules/lerna/lib/commands/PublishCommand.js:765:30)
43 error     at PublishCommand.commitAndTagUpdates (/usr/local/lib/node_modules/lerna/lib/commands/PublishCommand.js:738:26)
43 error     at PublishCommand.execute (/usr/local/lib/node_modules/lerna/lib/commands/PublishCommand.js:329:14)
